{
  "RSpec": {
    "coverage": {
      "/home/akshay/user_manage/app/models/user.rb": {
        "lines": [
          1,
          null,
          null,
          1,
          null,
          1,
          null
        ]
      },
      "/home/akshay/user_manage/app/models/application_record.rb": {
        "lines": [
          1,
          1,
          null
        ]
      },
      "/home/akshay/user_manage/app/helpers/application_helper.rb": {
        "lines": [
          1,
          null
        ]
      },
      "/home/akshay/user_manage/app/helpers/friends_helper.rb": {
        "lines": [
          1,
          null
        ]
      },
      "/home/akshay/user_manage/app/helpers/home_helper.rb": {
        "lines": [
          1,
          null
        ]
      },
      "/home/akshay/user_manage/app/models/friend.rb": {
        "lines": [
          1,
          1,
          1,
          1,
          1,
          1,
          null
        ]
      },
      "/home/akshay/user_manage/app/controllers/application_controller.rb": {
        "lines": [
          1,
          null
        ]
      },
      "/home/akshay/user_manage/app/controllers/home_controller.rb": {
        "lines": [
          1,
          1,
          null,
          null,
          1,
          null,
          null
        ]
      },
      "/home/akshay/user_manage/app/controllers/registrations_controller.rb": {
        "lines": [
          1,
          1,
          null,
          1,
          1,
          null,
          null
        ]
      },
      "/home/akshay/user_manage/app/controllers/friends_controller.rb": {
        "lines": [
          1,
          1,
          1,
          1,
          null,
          null,
          null,
          1,
          1,
          null,
          null,
          null,
          null,
          1,
          null,
          null,
          null,
          1,
          null,
          1,
          null,
          null,
          null,
          1,
          null,
          null,
          null,
          null,
          1,
          null,
          0,
          0,
          0,
          0,
          0,
          null,
          0,
          0,
          null,
          null,
          null,
          null,
          null,
          null,
          1,
          0,
          0,
          0,
          0,
          null,
          0,
          0,
          null,
          null,
          null,
          null,
          null,
          null,
          1,
          0,
          0,
          0,
          0,
          null,
          null,
          null,
          1,
          2,
          2,
          null,
          null,
          1,
          null,
          null,
          1,
          3,
          null,
          null,
          null,
          1,
          0,
          null,
          null
        ]
      },
      "/home/akshay/user_manage/app/channels/application_cable/channel.rb": {
        "lines": [
          0,
          0,
          0,
          0
        ],
        "branches": {
        }
      },
      "/home/akshay/user_manage/app/channels/application_cable/connection.rb": {
        "lines": [
          0,
          0,
          0,
          0
        ],
        "branches": {
        }
      },
      "/home/akshay/user_manage/app/jobs/application_job.rb": {
        "lines": [
          0,
          null,
          null,
          null,
          null,
          null,
          0
        ],
        "branches": {
        }
      },
      "/home/akshay/user_manage/app/mailers/application_mailer.rb": {
        "lines": [
          0,
          0,
          0,
          0
        ],
        "branches": {
        }
      }
    },
    "timestamp": 1645420220
  }
}
